<?xml version="1.0" encoding="UTF-8"?>
<!-- Generated by org.testng.reporters.JUnitReportReporter -->
<testsuite hostname="Ravis-MacBook-Pro.local" failures="0" tests="3" name="com.labcorp.runners.TestRunner" time="12.637" errors="0" timestamp="2025-03-06T08:29:24 PST" skipped="0">
  <testcase classname="com.labcorp.runners.TestRunner" name="runScenario" time="0.844"/>
  <testcase classname="com.labcorp.runners.TestRunner" name="runScenario" time="0.108"/>
  <testcase classname="com.labcorp.runners.TestRunner" name="runScenario" time="11.685"/>
</testsuite> <!-- com.labcorp.runners.TestRunner -->
