<?xml version="1.0" encoding="UTF-8"?>
<!-- Generated by org.testng.reporters.JUnitReportReporter -->
<testsuite hostname="Ravis-MacBook-Pro.local" failures="0" tests="1" name="com.labcorp.LabCorpJobSearchTest" time="0.002" errors="0" timestamp="2025-03-06T06:56:22 PST" skipped="0">
  <testcase classname="com.labcorp.LabCorpJobSearchTest" name="shouldAnswerWithTrue" time="0.002"/>
</testsuite> <!-- com.labcorp.LabCorpJobSearchTest -->
